#
# A fatal error has been detected by the Java Runtime Environment:
#
#  SIGSEGV (0xb) at pc=0xb6f0875a, pid=18438, tid=2205363056
#
# JRE version: 6.0_26-b03
# Java VM: Java HotSpot(TM) Server VM (20.1-b02 mixed mode linux-x86 )
# Problematic frame:
# V  [libjvm.so+0x3e175a]  java_lang_String::utf8_length(oopDesc*)+0x3a
#
# If you would like to submit a bug report, please visit:
#   http://java.sun.com/webapps/bugreport/crash.jsp
#

---------------  T H R E A D  ---------------

Current thread (0x086be800):  JavaThread "JDWP Transport Listener: dt_socket" daemon [_thread_in_vm, id=18453, stack(0x836e2000,0x83733000)]

siginfo:si_signo=SIGSEGV: si_errno=0, si_code=1 (SEGV_MAPERR), si_addr=0x00000004

Registers:
EAX=0xb7331aa8, EBX=0xb7328dc8, ECX=0x00000010, EDX=0xa502d670
ESP=0x83731fe0, EBP=0x83731ff8, ESI=0x00000000, EDI=0x00000000
EIP=0xb6f0875a, EFLAGS=0x00210282, CR2=0x00000004

Top of Stack: (sp=0x83731fe0)
0x83731fe0:   086be800 00000000 b6f0872b b7328dc8
0x83731ff0:   086be800 a502d670 83732068 b6f312a8
0x83732000:   a502d670 00000000 00000008 b6f311e9
0x83732010:   086be800 0871c2a0 086be920 83732020
0x83732020:   086be800 00000000 83732068 b6aa40c9
0x83732030:   086be800 00000001 0866de8c b6ab0438
0x83732040:   086be800 83732230 83732068 b6a9323c
0x83732050:   086cac44 83732230 00000000 b6ab0438 

Instructions: (pc=0xb6f0875a)
0xb6f0873a:   00 8b 55 08 8b 30 8b 83 9c 12 00 00 8d 3c 16 8b
0xb6f0874a:   37 8b 38 8d 04 17 8b 38 8b 83 b8 21 00 00 8b 08
0xb6f0875a:   8b 46 04 01 ca 83 c0 08 8b 0a 80 78 05 05 74 0a
0xb6f0876a:   89 c8 8d 65 f4 5b 5e 5f 5d c3 85 c9 8d 54 7e 0c 

Register to memory mapping:

EAX=0xb7331aa8: <offset 0x80aaa8> in /usr/lib/jvm/java-6-sun-1.6.0.26/jre/lib/i386/server/libjvm.so at 0xb6b27000
EBX=0xb7328dc8: <offset 0x801dc8> in /usr/lib/jvm/java-6-sun-1.6.0.26/jre/lib/i386/server/libjvm.so at 0xb6b27000
ECX=0x00000010 is an unknown value
EDX=0xa502d670 is an oop
java.lang.String 
 - klass: 'java/lang/String'
ESP=0x83731fe0 is pointing into the stack for thread: 0x086be800
EBP=0x83731ff8 is pointing into the stack for thread: 0x086be800
ESI=0x00000000 is an unknown value
EDI=0x00000000 is an unknown value


Stack: [0x836e2000,0x83733000],  sp=0x83731fe0,  free space=319k
Native frames: (J=compiled Java code, j=interpreted, Vv=VM code, C=native code)
V  [libjvm.so+0x3e175a]  java_lang_String::utf8_length(oopDesc*)+0x3a
V  [libjvm.so+0x40a2a8]  unsigned+0xd8
C  [libjdwp.so+0x9de1]  void+0x91
C  [libjdwp.so+0x13143]  double+0x233
C  [libjdwp.so+0x27fd5]  char+0x75
C  [libjdwp.so+0x282d3]  signed char+0x33
V  [libjvm.so+0x4f8829]  JvmtiAgentThread::start_function_wrapper(JavaThread*, Thread*)+0x79
V  [libjvm.so+0x6e16bf]  JavaThread::run()+0x11f
V  [libjvm.so+0x5e2aee]  java_start(Thread*)+0x14e
C  [libpthread.so.0+0x5955]  signed char+0x5955


---------------  P R O C E S S  ---------------

Java Threads: ( => current thread )
  0x086d7c00 JavaThread "Low Memory Detector" daemon [_thread_blocked, id=18462, stack(0x834ed000,0x8353e000)]
  0x086cc400 JavaThread "C2 CompilerThread1" daemon [_thread_blocked, id=18461, stack(0x8353e000,0x835bf000)]
  0x086ca400 JavaThread "C2 CompilerThread0" daemon [_thread_blocked, id=18460, stack(0x835bf000,0x83640000)]
  0x086c2800 JavaThread "JDWP Command Reader" daemon [_thread_in_native, id=18457, stack(0x83640000,0x83691000)]
  0x086c1000 JavaThread "JDWP Event Helper Thread" daemon [_thread_blocked, id=18456, stack(0x83691000,0x836e2000)]
=>0x086be800 JavaThread "JDWP Transport Listener: dt_socket" daemon [_thread_in_vm, id=18453, stack(0x836e2000,0x83733000)]
  0x086b6800 JavaThread "Signal Dispatcher" daemon [_thread_blocked, id=18451, stack(0x83737000,0x83788000)]
  0x086a5800 JavaThread "Finalizer" daemon [_thread_blocked, id=18449, stack(0x83788000,0x837d9000)]
  0x086a4000 JavaThread "Reference Handler" daemon [_thread_blocked, id=18448, stack(0x837d9000,0x8382a000)]
  0x08624400 JavaThread "main" [_thread_blocked, id=18442, stack(0xb6ad6000,0xb6b27000)]

Other Threads:
  0x086a0000 VMThread [stack: 0x8382a000,0x838ab000] [id=18447]
  0x086d9800 WatcherThread [stack: 0x8346c000,0x834ed000] [id=18463]

VM state:not at safepoint (normal execution)

VM Mutex/Monitor currently owned by a thread: None

Heap
 PSYoungGen      total 12992K, used 899K [0xa4f60000, 0xa5de0000, 0xb3800000)
  eden space 11136K, 8% used [0xa4f60000,0xa5040fc8,0xa5a40000)
  from space 1856K, 0% used [0xa5c10000,0xa5c10000,0xa5de0000)
  to   space 1856K, 0% used [0xa5a40000,0xa5a40000,0xa5c10000)
 PSOldGen        total 29760K, used 0K [0x87e00000, 0x89b10000, 0xa4f60000)
  object space 29760K, 0% used [0x87e00000,0x87e00000,0x89b10000)
 PSPermGen       total 16384K, used 1922K [0x83e00000, 0x84e00000, 0x87e00000)
  object space 16384K, 11% used [0x83e00000,0x83fe0b08,0x84e00000)

Code Cache  [0xb38c0000, 0xb3b00000, 0xb68c0000)
 total_blobs=98 nmethods=3 adapters=58 free_code_cache=50023168 largest_free_block=8896

Dynamic libraries:
08048000-08052000 r-xp 00000000 08:01 919610     /usr/lib/jvm/java-6-sun-1.6.0.26/jre/bin/java
08052000-08053000 rwxp 00009000 08:01 919610     /usr/lib/jvm/java-6-sun-1.6.0.26/jre/bin/java
0861d000-0890b000 rwxp 00000000 00:00 0          [heap]
419cc000-41b0c000 r-xp 00000000 08:01 563920     /lib/i686/cmov/libc-2.11.3.so
41b0c000-41b0d000 ---p 00140000 08:01 563920     /lib/i686/cmov/libc-2.11.3.so
41b0d000-41b0f000 r-xp 00140000 08:01 563920     /lib/i686/cmov/libc-2.11.3.so
41b0f000-41b10000 rwxp 00142000 08:01 563920     /lib/i686/cmov/libc-2.11.3.so
41b10000-41b13000 rwxp 00000000 00:00 0 
41b15000-41b17000 r-xp 00000000 08:01 563925     /lib/i686/cmov/libdl-2.11.3.so
41b17000-41b18000 r-xp 00001000 08:01 563925     /lib/i686/cmov/libdl-2.11.3.so
41b18000-41b19000 rwxp 00002000 08:01 563925     /lib/i686/cmov/libdl-2.11.3.so
41b1b000-41b30000 r-xp 00000000 08:01 563921     /lib/i686/cmov/libpthread-2.11.3.so
41b30000-41b31000 r-xp 00014000 08:01 563921     /lib/i686/cmov/libpthread-2.11.3.so
41b31000-41b32000 rwxp 00015000 08:01 563921     /lib/i686/cmov/libpthread-2.11.3.so
41b32000-41b34000 rwxp 00000000 00:00 0 
41b36000-41b5a000 r-xp 00000000 08:01 563928     /lib/i686/cmov/libm-2.11.3.so
41b5a000-41b5b000 r-xp 00023000 08:01 563928     /lib/i686/cmov/libm-2.11.3.so
41b5b000-41b5c000 rwxp 00024000 08:01 563928     /lib/i686/cmov/libm-2.11.3.so
41b74000-41b7b000 r-xp 00000000 08:01 563922     /lib/i686/cmov/librt-2.11.3.so
41b7b000-41b7c000 r-xp 00006000 08:01 563922     /lib/i686/cmov/librt-2.11.3.so
41b7c000-41b7d000 rwxp 00007000 08:01 563922     /lib/i686/cmov/librt-2.11.3.so
4fb6d000-4fb88000 r-xp 00000000 08:01 563917     /lib/ld-2.11.3.so
4fb88000-4fb89000 r-xp 0001b000 08:01 563917     /lib/ld-2.11.3.so
4fb89000-4fb8a000 rwxp 0001c000 08:01 563917     /lib/ld-2.11.3.so
4fb8c000-4fb93000 r-xp 00000000 08:01 913944     /usr/lib/jvm/java-6-sun-1.6.0.26/jre/lib/i386/jli/libjli.so
4fb93000-4fb95000 rwxp 00006000 08:01 913944     /usr/lib/jvm/java-6-sun-1.6.0.26/jre/lib/i386/jli/libjli.so
4fdf9000-4fe0c000 r-xp 00000000 08:01 563937     /lib/i686/cmov/libnsl-2.11.3.so
4fe0c000-4fe0d000 r-xp 00012000 08:01 563937     /lib/i686/cmov/libnsl-2.11.3.so
4fe0d000-4fe0e000 rwxp 00013000 08:01 563937     /lib/i686/cmov/libnsl-2.11.3.so
4fe0e000-4fe10000 rwxp 00000000 00:00 0 
83300000-83321000 rwxp 00000000 00:00 0 
83321000-83400000 ---p 00000000 00:00 0 
8346c000-8346d000 ---p 00000000 00:00 0 
8346d000-834ed000 rwxp 00000000 00:00 0 
834ed000-834f0000 ---p 00000000 00:00 0 
834f0000-8353e000 rwxp 00000000 00:00 0 
8353e000-83541000 ---p 00000000 00:00 0 
83541000-835bf000 rwxp 00000000 00:00 0 
835bf000-835c2000 ---p 00000000 00:00 0 
835c2000-83640000 rwxp 00000000 00:00 0 
83640000-83643000 ---p 00000000 00:00 0 
83643000-83691000 rwxp 00000000 00:00 0 
83691000-83694000 ---p 00000000 00:00 0 
83694000-836e2000 rwxp 00000000 00:00 0 
836e2000-836e5000 ---p 00000000 00:00 0 
836e5000-83733000 rwxp 00000000 00:00 0 
83733000-83736000 r-xp 00000000 08:01 924944     /usr/lib/jvm/java-6-sun-1.6.0.26/jre/lib/i386/libdt_socket.so
83736000-83737000 rwxp 00003000 08:01 924944     /usr/lib/jvm/java-6-sun-1.6.0.26/jre/lib/i386/libdt_socket.so
83737000-8373a000 ---p 00000000 00:00 0 
8373a000-83788000 rwxp 00000000 00:00 0 
83788000-8378b000 ---p 00000000 00:00 0 
8378b000-837d9000 rwxp 00000000 00:00 0 
837d9000-837dc000 ---p 00000000 00:00 0 
837dc000-8382a000 rwxp 00000000 00:00 0 
8382a000-8382b000 ---p 00000000 00:00 0 
8382b000-838df000 rwxp 00000000 00:00 0 
838df000-83a77000 r-xs 03029000 08:01 924804     /usr/lib/jvm/java-6-sun-1.6.0.26/jre/lib/rt.jar
83a77000-83a78000 ---p 00000000 00:00 0 
83a78000-83af8000 rwxp 00000000 00:00 0 
83af8000-83af9000 ---p 00000000 00:00 0 
83af9000-83b81000 rwxp 00000000 00:00 0 
83b81000-83b99000 rwxp 00000000 00:00 0 
83b99000-83ba8000 rwxp 00000000 00:00 0 
83ba8000-83c82000 rwxp 00000000 00:00 0 
83c82000-83c8a000 rwxp 00000000 00:00 0 
83c8a000-83ca2000 rwxp 00000000 00:00 0 
83ca2000-83cb1000 rwxp 00000000 00:00 0 
83cb1000-83d8a000 rwxp 00000000 00:00 0 
83d8a000-83d92000 rwxp 00000000 00:00 0 
83d92000-83dff000 rwxp 00000000 00:00 0 
83dff000-84e00000 rwxp 00000000 00:00 0 
84e00000-87e00000 rwxp 00000000 00:00 0 
87e00000-89b10000 rwxp 00000000 00:00 0 
89b10000-a4f60000 rwxp 00000000 00:00 0 
a4f60000-a5de0000 rwxp 00000000 00:00 0 
a5de0000-b3800000 rwxp 00000000 00:00 0 
b3800000-b3809000 rwxp 00000000 00:00 0 
b3809000-b38c0000 rwxp 00000000 00:00 0 
b38c0000-b3b00000 rwxp 00000000 00:00 0 
b3b00000-b68c0000 rwxp 00000000 00:00 0 
b68c0000-b68cf000 r-xp 00000000 08:01 924945     /usr/lib/jvm/java-6-sun-1.6.0.26/jre/lib/i386/libzip.so
b68cf000-b68d1000 rwxp 0000e000 08:01 924945     /usr/lib/jvm/java-6-sun-1.6.0.26/jre/lib/i386/libzip.so
b68d1000-b68db000 r-xp 00000000 08:01 522351     /lib/i686/cmov/libnss_files-2.11.3.so
b68db000-b68dc000 r-xp 00009000 08:01 522351     /lib/i686/cmov/libnss_files-2.11.3.so
b68dc000-b68dd000 rwxp 0000a000 08:01 522351     /lib/i686/cmov/libnss_files-2.11.3.so
b68dd000-b68e5000 r-xp 00000000 08:01 522325     /lib/i686/cmov/libnss_nis-2.11.3.so
b68e5000-b68e6000 r-xp 00008000 08:01 522325     /lib/i686/cmov/libnss_nis-2.11.3.so
b68e6000-b68e7000 rwxp 00009000 08:01 522325     /lib/i686/cmov/libnss_nis-2.11.3.so
b68e7000-b68ed000 r-xp 00000000 08:01 522397     /lib/i686/cmov/libnss_compat-2.11.3.so
b68ed000-b68ee000 r-xp 00006000 08:01 522397     /lib/i686/cmov/libnss_compat-2.11.3.so
b68ee000-b68ef000 rwxp 00007000 08:01 522397     /lib/i686/cmov/libnss_compat-2.11.3.so
b68f9000-b6901000 rw-s 00000000 00:11 24228      /tmp/hsperfdata_abilio/18438
b6901000-b6a76000 r-xp 00000000 08:01 915668     /usr/lib/locale/locale-archive
b6a76000-b6ab0000 r-xp 00000000 08:01 924914     /usr/lib/jvm/java-6-sun-1.6.0.26/jre/lib/i386/libjdwp.so
b6ab0000-b6ab1000 rwxp 00039000 08:01 924914     /usr/lib/jvm/java-6-sun-1.6.0.26/jre/lib/i386/libjdwp.so
b6ab1000-b6ad4000 r-xp 00000000 08:01 924918     /usr/lib/jvm/java-6-sun-1.6.0.26/jre/lib/i386/libjava.so
b6ad4000-b6ad6000 rwxp 00023000 08:01 924918     /usr/lib/jvm/java-6-sun-1.6.0.26/jre/lib/i386/libjava.so
b6ad6000-b6ad9000 ---p 00000000 00:00 0 
b6ad9000-b6b27000 rwxp 00000000 00:00 0 
b6b27000-b72d9000 r-xp 00000000 08:01 924905     /usr/lib/jvm/java-6-sun-1.6.0.26/jre/lib/i386/server/libjvm.so
b72d9000-b732d000 rwxp 007b1000 08:01 924905     /usr/lib/jvm/java-6-sun-1.6.0.26/jre/lib/i386/server/libjvm.so
b732d000-b774d000 rwxp 00000000 00:00 0 
b774d000-b7750000 r-xp 00000000 08:01 924893     /usr/lib/jvm/java-6-sun-1.6.0.26/jre/lib/i386/libnpt.so
b7750000-b7751000 rwxp 00002000 08:01 924893     /usr/lib/jvm/java-6-sun-1.6.0.26/jre/lib/i386/libnpt.so
b7751000-b7752000 rwxp 00000000 00:00 0 
b7752000-b7753000 r-xp 00000000 00:00 0 
b7753000-b775e000 r-xp 00000000 08:01 924911     /usr/lib/jvm/java-6-sun-1.6.0.26/jre/lib/i386/libverify.so
b775e000-b775f000 rwxp 0000b000 08:01 924911     /usr/lib/jvm/java-6-sun-1.6.0.26/jre/lib/i386/libverify.so
b775f000-b7761000 rwxp 00000000 00:00 0 
b7761000-b7762000 r-xp 00000000 00:00 0          [vdso]
bf9de000-bf9f3000 rwxp 00000000 00:00 0          [stack]

VM Arguments:
jvm_args: -agentlib:jdwp=transport=dt_socket,suspend=y,address=localhost:39142 -Dfile.encoding=UTF-8 
java_command: utilities.Main
Launcher Type: SUN_STANDARD

Environment Variables:
PATH=/usr/local/bin:/usr/bin:/bin:/usr/local/games:/usr/games
USERNAME=abilio
LD_LIBRARY_PATH=/usr/lib/jvm/java-6-sun-1.6.0.26/jre/lib/i386/server:/usr/lib/jvm/java-6-sun-1.6.0.26/jre/lib/i386:/usr/lib/jvm/java-6-sun-1.6.0.26/jre/../lib/i386:/usr/lib/jvm/java-6-sun-1.6.0.26/jre/lib/i386/client:/usr/lib/jvm/java-6-sun-1.6.0.26/jre/lib/i386:
SHELL=/bin/bash
DISPLAY=:0.0

Signal Handlers:
SIGSEGV: [libjvm.so+0x725510], sa_mask[0]=0x7ffbfeff, sa_flags=0x10000004
SIGBUS: [libjvm.so+0x725510], sa_mask[0]=0x7ffbfeff, sa_flags=0x10000004
SIGFPE: [libjvm.so+0x5dff20], sa_mask[0]=0x7ffbfeff, sa_flags=0x10000004
SIGPIPE: [libjvm.so+0x5dff20], sa_mask[0]=0x7ffbfeff, sa_flags=0x10000004
SIGXFSZ: [libjvm.so+0x5dff20], sa_mask[0]=0x7ffbfeff, sa_flags=0x10000004
SIGILL: [libjvm.so+0x5dff20], sa_mask[0]=0x7ffbfeff, sa_flags=0x10000004
SIGUSR1: SIG_DFL, sa_mask[0]=0x00000000, sa_flags=0x00000000
SIGUSR2: [libjvm.so+0x5e3160], sa_mask[0]=0x00000004, sa_flags=0x10000004
SIGHUP: [libjvm.so+0x5e2d40], sa_mask[0]=0x7ffbfeff, sa_flags=0x10000004
SIGINT: [libjvm.so+0x5e2d40], sa_mask[0]=0x7ffbfeff, sa_flags=0x10000004
SIGTERM: [libjvm.so+0x5e2d40], sa_mask[0]=0x7ffbfeff, sa_flags=0x10000004
SIGQUIT: [libjvm.so+0x5e2d40], sa_mask[0]=0x7ffbfeff, sa_flags=0x10000004


---------------  S Y S T E M  ---------------

OS:6.0.5

uname:Linux 2.6.32-5-686 #1 SMP Sun May 6 04:01:19 UTC 2012 i686
libc:glibc 2.11.3 NPTL 2.11.3 
rlimit: STACK 8192k, CORE 0k, NPROC infinity, NOFILE 1024, AS infinity
load average:0.02 0.04 0.08

/proc/meminfo:
MemTotal:        2852560 kB
MemFree:         1115244 kB
Buffers:           50928 kB
Cached:           865072 kB
SwapCached:            0 kB
Active:           916840 kB
Inactive:         740784 kB
Active(anon):     741920 kB
Inactive(anon):     5752 kB
Active(file):     174920 kB
Inactive(file):   735032 kB
Unevictable:          20 kB
Mlocked:              20 kB
HighTotal:       1975880 kB
HighFree:         359104 kB
LowTotal:         876680 kB
LowFree:          756140 kB
SwapTotal:             0 kB
SwapFree:              0 kB
Dirty:               124 kB
Writeback:             0 kB
AnonPages:        741648 kB
Mapped:           133852 kB
Shmem:              6056 kB
Slab:              28900 kB
SReclaimable:      21616 kB
SUnreclaim:         7284 kB
KernelStack:        2992 kB
PageTables:         6392 kB
NFS_Unstable:          0 kB
Bounce:                0 kB
WritebackTmp:          0 kB
CommitLimit:     1426280 kB
Committed_AS:    1947320 kB
VmallocTotal:     122880 kB
VmallocUsed:        9164 kB
VmallocChunk:     104444 kB
HardwareCorrupted:     0 kB
HugePages_Total:       0
HugePages_Free:        0
HugePages_Rsvd:        0
HugePages_Surp:        0
Hugepagesize:       4096 kB
DirectMap4k:       57336 kB
DirectMap4M:      847872 kB


CPU:total 2 (2 cores per cpu, 1 threads per core) family 6 model 15 stepping 13, cmov, cx8, fxsr, mmx, sse, sse2, sse3, ssse3

/proc/cpuinfo:
processor	: 0
vendor_id	: GenuineIntel
cpu family	: 6
model		: 15
model name	: Intel(R) Pentium(R) Dual  CPU  T3400  @ 2.16GHz
stepping	: 13
cpu MHz		: 2167.000
cache size	: 1024 KB
physical id	: 0
siblings	: 2
core id		: 0
cpu cores	: 2
apicid		: 0
initial apicid	: 0
fdiv_bug	: no
hlt_bug		: no
f00f_bug	: no
coma_bug	: no
fpu		: yes
fpu_exception	: yes
cpuid level	: 10
wp		: yes
flags		: fpu vme de pse tsc msr pae mce cx8 apic sep mtrr pge mca cmov pat pse36 clflush dts acpi mmx fxsr sse sse2 ss ht tm pbe nx lm constant_tsc arch_perfmon pebs bts aperfmperf pni dtes64 monitor ds_cpl est tm2 ssse3 cx16 xtpr pdcm lahf_lm
bogomips	: 4333.70
clflush size	: 64
cache_alignment	: 64
address sizes	: 36 bits physical, 48 bits virtual
power management:

processor	: 1
vendor_id	: GenuineIntel
cpu family	: 6
model		: 15
model name	: Intel(R) Pentium(R) Dual  CPU  T3400  @ 2.16GHz
stepping	: 13
cpu MHz		: 2167.000
cache size	: 1024 KB
physical id	: 0
siblings	: 2
core id		: 1
cpu cores	: 2
apicid		: 1
initial apicid	: 1
fdiv_bug	: no
hlt_bug		: no
f00f_bug	: no
coma_bug	: no
fpu		: yes
fpu_exception	: yes
cpuid level	: 10
wp		: yes
flags		: fpu vme de pse tsc msr pae mce cx8 apic sep mtrr pge mca cmov pat pse36 clflush dts acpi mmx fxsr sse sse2 ss ht tm pbe nx lm constant_tsc arch_perfmon pebs bts aperfmperf pni dtes64 monitor ds_cpl est tm2 ssse3 cx16 xtpr pdcm lahf_lm
bogomips	: 4334.56
clflush size	: 64
cache_alignment	: 64
address sizes	: 36 bits physical, 48 bits virtual
power management:



Memory: 4k page, physical 2852560k(1115244k free), swap 0k(0k free)

vm_info: Java HotSpot(TM) Server VM (20.1-b02) for linux-x86 JRE (1.6.0_26-b03), built on May  4 2011 01:04:10 by "java_re" with gcc 3.2.1-7a (J2SE release)

time: Mon Jun 11 21:55:34 2012
elapsed time: 19 seconds

